# JRE version: OpenJDK Runtime Environment (21.0.6) (build 21.0.6+-13368085-b895.109)
# Java VM: OpenJDK 64-Bit Server VM (21.0.6+-13368085-b895.109, mixed mode, tiered, compressed oops, compressed class ptrs, g1 gc, windows-amd64)
GC Precious Log:
 CardTable entry size: 512
 Card Set container configuration: InlinePtr #cards 5 size 8 Array Of Cards #cards 12 size 40 Howl #buckets 4 coarsen threshold 1843 Howl Bitmap #cards 512 size 80 coarsen threshold 460 Card regions per heap region 1 cards per card region 2048
 CPUs: 20 total, 20 available
 Memory: 16072M
 Large Page Support: Disabled
 NUMA Support: Disabled
 Compressed Oops: Enabled (32-bit)
 Heap Region Size: 1M
 Heap Min Capacity: 8M
 Heap Initial Capacity: 252M
 Heap Max Capacity: 2G
 Pre-touch: Disabled
 Parallel Workers: 15
 Concurrent Workers: 4
 Concurrent Refinement Workers: 15
 Periodic GC: Disabled
Heap:
 garbage-first heap   total 186368K, used 159364K [0x0000000080000000, 0x0000000100000000)
  region size 1024K, 50 young (51200K), 8 survivors (8192K)
 Metaspace       used 121468K, committed 123712K, reserved 1179648K
  class space    used 16316K, committed 17472K, reserved 1048576K
GC Heap History (20 events):
Event: 7.548 GC heap before
{Heap before GC invocations=25 (full 0):
 garbage-first heap   total 150528K, used 132648K [0x0000000080000000, 0x0000000100000000)
  region size 1024K, 57 young (58368K), 4 survivors (4096K)
 Metaspace       used 89309K, committed 91200K, reserved 1179648K
  class space    used 11847K, committed 12736K, reserved 1048576K
}
Event: 7.552 GC heap after
{Heap after GC invocations=26 (full 0):
 garbage-first heap   total 150528K, used 80199K [0x0000000080000000, 0x0000000100000000)
  region size 1024K, 6 young (6144K), 6 survivors (6144K)
 Metaspace       used 89309K, committed 91200K, reserved 1179648K
  class space    used 11847K, committed 12736K, reserved 1048576K
}
Event: 7.625 GC heap before
{Heap before GC invocations=26 (full 0):
 garbage-first heap   total 150528K, used 91463K [0x0000000080000000, 0x0000000100000000)
  region size 1024K, 18 young (18432K), 6 survivors (6144K)
 Metaspace       used 90184K, committed 92032K, reserved 1179648K
  class space    used 11969K, committed 12864K, reserved 1048576K
}
Event: 7.628 GC heap after
{Heap after GC invocations=27 (full 0):
 garbage-first heap   total 150528K, used 80618K [0x0000000080000000, 0x0000000100000000)
  region size 1024K, 3 young (3072K), 3 survivors (3072K)
 Metaspace       used 90184K, committed 92032K, reserved 1179648K
  class space    used 11969K, committed 12864K, reserved 1048576K
}
Event: 8.268 GC heap before
{Heap before GC invocations=28 (full 0):
 garbage-first heap   total 150528K, used 141034K [0x0000000080000000, 0x0000000100000000)
  region size 1024K, 59 young (60416K), 3 survivors (3072K)
 Metaspace       used 93230K, committed 95168K, reserved 1179648K
  class space    used 12385K, committed 13376K, reserved 1048576K
}
Event: 8.272 GC heap after
{Heap after GC invocations=29 (full 0):
 garbage-first heap   total 181248K, used 87100K [0x0000000080000000, 0x0000000100000000)
  region size 1024K, 7 young (7168K), 7 survivors (7168K)
 Metaspace       used 93230K, committed 95168K, reserved 1179648K
  class space    used 12385K, committed 13376K, reserved 1048576K
}
Event: 8.806 GC heap before
{Heap before GC invocations=29 (full 0):
 garbage-first heap   total 181248K, used 157756K [0x0000000080000000, 0x0000000100000000)
  region size 1024K, 76 young (77824K), 7 survivors (7168K)
 Metaspace       used 98778K, committed 100800K, reserved 1179648K
  class space    used 13297K, committed 14336K, reserved 1048576K
}
Event: 8.811 GC heap after
{Heap after GC invocations=30 (full 0):
 garbage-first heap   total 181248K, used 89022K [0x0000000080000000, 0x0000000100000000)
  region size 1024K, 7 young (7168K), 7 survivors (7168K)
 Metaspace       used 98778K, committed 100800K, reserved 1179648K
  class space    used 13297K, committed 14336K, reserved 1048576K
}
Event: 9.368 GC heap before
{Heap before GC invocations=30 (full 0):
 garbage-first heap   total 181248K, used 160702K [0x0000000080000000, 0x0000000100000000)
  region size 1024K, 77 young (78848K), 7 survivors (7168K)
 Metaspace       used 104207K, committed 106304K, reserved 1179648K
  class space    used 14095K, committed 15168K, reserved 1048576K
}
Event: 9.374 GC heap after
{Heap after GC invocations=31 (full 0):
 garbage-first heap   total 181248K, used 92718K [0x0000000080000000, 0x0000000100000000)
  region size 1024K, 7 young (7168K), 7 survivors (7168K)
 Metaspace       used 104207K, committed 106304K, reserved 1179648K
  class space    used 14095K, committed 15168K, reserved 1048576K
}
Event: 9.883 GC heap before
{Heap before GC invocations=32 (full 0):
 garbage-first heap   total 181248K, used 162350K [0x0000000080000000, 0x0000000100000000)
  region size 1024K, 75 young (76800K), 7 survivors (7168K)
 Metaspace       used 110116K, committed 112256K, reserved 1179648K
  class space    used 14966K, committed 16064K, reserved 1048576K
}
Event: 9.889 GC heap after
{Heap after GC invocations=33 (full 0):
 garbage-first heap   total 181248K, used 96331K [0x0000000080000000, 0x0000000100000000)
  region size 1024K, 8 young (8192K), 8 survivors (8192K)
 Metaspace       used 110116K, committed 112256K, reserved 1179648K
  class space    used 14966K, committed 16064K, reserved 1048576K
}
Event: 10.388 GC heap before
{Heap before GC invocations=33 (full 0):
 garbage-first heap   total 181248K, used 165963K [0x0000000080000000, 0x0000000100000000)
  region size 1024K, 72 young (73728K), 8 survivors (8192K)
 Metaspace       used 115318K, committed 117568K, reserved 1179648K
  class space    used 15503K, committed 16640K, reserved 1048576K
}
Event: 10.397 GC heap after
{Heap after GC invocations=34 (full 0):
 garbage-first heap   total 183296K, used 103254K [0x0000000080000000, 0x0000000100000000)
  region size 1024K, 9 young (9216K), 9 survivors (9216K)
 Metaspace       used 115318K, committed 117568K, reserved 1179648K
  class space    used 15503K, committed 16640K, reserved 1048576K
}
Event: 10.964 GC heap before
{Heap before GC invocations=34 (full 0):
 garbage-first heap   total 183296K, used 162646K [0x0000000080000000, 0x0000000100000000)
  region size 1024K, 68 young (69632K), 9 survivors (9216K)
 Metaspace       used 116661K, committed 118848K, reserved 1179648K
  class space    used 15697K, committed 16832K, reserved 1048576K
}
Event: 10.974 GC heap after
{Heap after GC invocations=35 (full 0):
 garbage-first heap   total 183296K, used 110326K [0x0000000080000000, 0x0000000100000000)
  region size 1024K, 7 young (7168K), 7 survivors (7168K)
 Metaspace       used 116661K, committed 118848K, reserved 1179648K
  class space    used 15697K, committed 16832K, reserved 1048576K
}
Event: 11.413 GC heap before
{Heap before GC invocations=36 (full 0):
 garbage-first heap   total 186368K, used 163574K [0x0000000080000000, 0x0000000100000000)
  region size 1024K, 60 young (61440K), 7 survivors (7168K)
 Metaspace       used 117164K, committed 119360K, reserved 1179648K
  class space    used 15771K, committed 16896K, reserved 1048576K
}
Event: 11.418 GC heap after
{Heap after GC invocations=37 (full 0):
 garbage-first heap   total 186368K, used 114208K [0x0000000080000000, 0x0000000100000000)
  region size 1024K, 4 young (4096K), 4 survivors (4096K)
 Metaspace       used 117164K, committed 119360K, reserved 1179648K
  class space    used 15771K, committed 16896K, reserved 1048576K
}
Event: 11.976 GC heap before
{Heap before GC invocations=37 (full 0):
 garbage-first heap   total 186368K, used 170528K [0x0000000080000000, 0x0000000100000000)
  region size 1024K, 60 young (61440K), 4 survivors (4096K)
 Metaspace       used 120490K, committed 122688K, reserved 1179648K
  class space    used 16177K, committed 17280K, reserved 1048576K
}
Event: 11.983 GC heap after
{Heap after GC invocations=38 (full 0):
 garbage-first heap   total 186368K, used 118404K [0x0000000080000000, 0x0000000100000000)
  region size 1024K, 8 young (8192K), 8 survivors (8192K)
 Metaspace       used 120490K, committed 122688K, reserved 1179648K
  class space    used 16177K, committed 17280K, reserved 1048576K
}

